\BOOKMARK [1][-]{section.1}{\376\377\000L\000e\000c\000t\000u\000r\000e\000\040\0001}{}% 1
\BOOKMARK [2][-]{subsection.1.1}{\376\377\000S\000e\000c\000u\000r\000i\000t\000y\000\040\000O\000v\000e\000r\000v\000i\000e\000w}{section.1}% 2
\BOOKMARK [2][-]{subsection.1.2}{\376\377\000D\000e\000f\000e\000n\000s\000e\000\040\000O\000v\000e\000r\000v\000i\000e\000w}{section.1}% 3
\BOOKMARK [2][-]{subsection.1.3}{\376\377\000C\000r\000y\000p\000t\000o\000g\000r\000a\000p\000h\000y\000\040\000O\000v\000e\000r\000v\000i\000e\000w}{section.1}% 4
\BOOKMARK [2][-]{subsection.1.4}{\376\377\000T\000o\000p\000i\000c\000s\000\040\000C\000o\000v\000e\000r\000e\000d\000\040\000i\000n\000\040\000C\000o\000u\000r\000s\000e}{section.1}% 5
\BOOKMARK [1][-]{section.2}{\376\377\000L\000e\000c\000t\000u\000r\000e\000\040\0002}{}% 6
\BOOKMARK [2][-]{subsection.2.1}{\376\377\000N\000u\000m\000b\000e\000r\000\040\000T\000h\000e\000o\000r\000y}{section.2}% 7
\BOOKMARK [3][-]{subsubsection.2.1.1}{\376\377\000M\000o\000d\000u\000l\000a\000r\000\040\000A\000r\000i\000t\000h\000m\000e\000t\000i\000c}{subsection.2.1}% 8
\BOOKMARK [3][-]{subsubsection.2.1.2}{\376\377\000M\000o\000d\000u\000l\000a\000r\000\040\000E\000x\000p\000o\000n\000e\000n\000t\000i\000a\000t\000i\000o\000n}{subsection.2.1}% 9
\BOOKMARK [3][-]{subsubsection.2.1.3}{\376\377\000G\000r\000o\000u\000p\000s\000\040\000a\000n\000d\000\040\000R\000i\000n\000g\000s}{subsection.2.1}% 10
\BOOKMARK [3][-]{subsubsection.2.1.4}{\376\377\000P\000r\000i\000m\000e\000s\000\040\000a\000n\000d\000\040\000D\000i\000v\000i\000s\000i\000b\000i\000l\000i\000t\000y}{subsection.2.1}% 11
\BOOKMARK [3][-]{subsubsection.2.1.5}{\376\377\000L\000i\000n\000e\000a\000r\000\040\000C\000o\000n\000g\000r\000u\000e\000n\000c\000e\000s}{subsection.2.1}% 12
\BOOKMARK [3][-]{subsubsection.2.1.6}{\376\377\000F\000i\000e\000l\000d\000s}{subsection.2.1}% 13
\BOOKMARK [3][-]{subsubsection.2.1.7}{\376\377\000L\000a\000g\000r\000a\000n\000g\000e\000'\000s\000\040\000T\000h\000e\000o\000r\000e\000m}{subsection.2.1}% 14
\BOOKMARK [3][-]{subsubsection.2.1.8}{\376\377\000F\000e\000r\000m\000a\000t\000'\000s\000\040\000L\000i\000t\000t\000l\000e\000\040\000T\000h\000e\000o\000r\000e\000m}{subsection.2.1}% 15
\BOOKMARK [2][-]{subsection.2.2}{\376\377\000B\000a\000s\000i\000c\000\040\000A\000l\000g\000o\000r\000i\000t\000h\000m\000s}{section.2}% 16
\BOOKMARK [3][-]{subsubsection.2.2.1}{\376\377\000E\000u\000c\000l\000i\000d\000'\000s\000\040\000G\000C\000D\000\040\000A\000l\000g\000o\000r\000i\000t\000h\000m}{subsection.2.2}% 17
\BOOKMARK [3][-]{subsubsection.2.2.2}{\376\377\000T\000h\000e\000\040\000E\000x\000t\000e\000n\000d\000e\000d\000\040\000E\000u\000c\000l\000i\000d\000e\000a\000n\000\040\000A\000l\000g\000o\000r\000i\000t\000h\000m}{subsection.2.2}% 18
\BOOKMARK [3][-]{subsubsection.2.2.3}{\376\377\000T\000h\000e\000\040\000C\000h\000i\000n\000e\000s\000e\000\040\000R\000e\000m\000a\000i\000n\000d\000e\000r\000\040\000T\000h\000e\000o\000r\000e\000m}{subsection.2.2}% 19
\BOOKMARK [3][-]{subsubsection.2.2.4}{\376\377\000C\000o\000m\000p\000u\000t\000i\000n\000g\000\040\000L\000e\000g\000e\000n\000d\000r\000e\000\040\000a\000n\000d\000\040\000J\000a\000c\000o\000b\000i\000\040\000S\000y\000m\000b\000o\000l\000s}{subsection.2.2}% 20
\BOOKMARK [2][-]{subsection.2.3}{\376\377\000P\000r\000i\000m\000a\000l\000i\000t\000y\000\040\000T\000e\000s\000t\000s}{section.2}% 21
\BOOKMARK [3][-]{subsubsection.2.3.1}{\376\377\000F\000e\000r\000m\000a\000t\000'\000s\000\040\000P\000r\000i\000m\000a\000l\000i\000t\000y\000\040\000T\000e\000s\000t}{subsection.2.3}% 22
\BOOKMARK [3][-]{subsubsection.2.3.2}{\376\377\000M\000i\000l\000l\000e\000r\000-\000R\000a\000b\000i\000n\000\040\000P\000r\000i\000m\000a\000l\000i\000t\000y\000\040\000T\000e\000s\000t}{subsection.2.3}% 23
\BOOKMARK [2][-]{subsection.2.4}{\376\377\000E\000l\000l\000i\000p\000t\000i\000c\000\040\000C\000u\000r\000v\000e\000s}{section.2}% 24
\BOOKMARK [1][-]{section.3}{\376\377\000L\000e\000c\000t\000u\000r\000e\000\040\0003}{}% 25
\BOOKMARK [2][-]{subsection.3.1}{\376\377\000T\000h\000e\000\040\000S\000y\000n\000t\000a\000x\000\040\000o\000f\000\040\000E\000n\000c\000r\000y\000p\000t\000i\000o\000n}{section.3}% 26
\BOOKMARK [2][-]{subsection.3.2}{\376\377\000C\000l\000a\000s\000s\000i\000c\000a\000l\000\040\000C\000i\000p\000h\000e\000r\000s}{section.3}% 27
\BOOKMARK [3][-]{subsubsection.3.2.1}{\376\377\000C\000a\000e\000s\000a\000r\000\040\000C\000i\000p\000h\000e\000r}{subsection.3.2}% 28
\BOOKMARK [3][-]{subsubsection.3.2.2}{\376\377\000S\000h\000i\000f\000t\000\040\000C\000i\000p\000h\000e\000r}{subsection.3.2}% 29
\BOOKMARK [3][-]{subsubsection.3.2.3}{\376\377\000S\000u\000b\000s\000t\000i\000t\000u\000t\000i\000o\000n\000\040\000C\000i\000p\000h\000e\000r}{subsection.3.2}% 30
\BOOKMARK [3][-]{subsubsection.3.2.4}{\376\377\000V\000i\000g\000e\000n\000\350\000r\000e\000\040\000C\000i\000p\000h\000e\000r}{subsection.3.2}% 31
\BOOKMARK [3][-]{subsubsection.3.2.5}{\376\377\000P\000e\000r\000m\000u\000t\000a\000t\000i\000o\000n\000\040\000C\000i\000p\000h\000e\000r}{subsection.3.2}% 32
\BOOKMARK [1][-]{section.4}{\376\377\000L\000e\000c\000t\000u\000r\000e\000\040\0004}{}% 33
\BOOKMARK [2][-]{subsection.4.1}{\376\377\000S\000e\000c\000u\000r\000i\000t\000y\000\040\000D\000e\000f\000i\000n\000i\000t\000i\000o\000n\000s}{section.4}% 34
\BOOKMARK [2][-]{subsection.4.2}{\376\377\000P\000r\000o\000b\000a\000b\000i\000l\000i\000t\000y\000\040\000a\000n\000d\000\040\000C\000i\000p\000h\000e\000r\000s}{section.4}% 35
\BOOKMARK [2][-]{subsection.4.3}{\376\377\000P\000e\000r\000f\000e\000c\000t\000\040\000S\000e\000c\000r\000e\000c\000y}{section.4}% 36
\BOOKMARK [2][-]{subsection.4.4}{\376\377\000O\000n\000e\000-\000T\000i\000m\000e\000\040\000P\000a\000d}{section.4}% 37
\BOOKMARK [2][-]{subsection.4.5}{\376\377\000E\000n\000t\000r\000o\000p\000y}{section.4}% 38
\BOOKMARK [2][-]{subsection.4.6}{\376\377\000S\000p\000u\000r\000i\000o\000u\000s\000\040\000K\000e\000y\000s\000\040\000a\000n\000d\000\040\000U\000n\000i\000c\000i\000t\000y\000\040\000D\000i\000s\000t\000a\000n\000c\000e}{section.4}% 39
