\BOOKMARK [1][-]{section.1}{\376\377\000L\000e\000c\000t\000u\000r\000e\000\040\0001}{}% 1
\BOOKMARK [2][-]{subsection.1.1}{\376\377\000S\000e\000c\000u\000r\000i\000t\000y\000\040\000O\000v\000e\000r\000v\000i\000e\000w}{section.1}% 2
\BOOKMARK [2][-]{subsection.1.2}{\376\377\000D\000e\000f\000e\000n\000s\000e\000\040\000O\000v\000e\000r\000v\000i\000e\000w}{section.1}% 3
\BOOKMARK [2][-]{subsection.1.3}{\376\377\000C\000r\000y\000p\000t\000o\000g\000r\000a\000p\000h\000y\000\040\000O\000v\000e\000r\000v\000i\000e\000w}{section.1}% 4
\BOOKMARK [2][-]{subsection.1.4}{\376\377\000T\000o\000p\000i\000c\000s\000\040\000C\000o\000v\000e\000r\000e\000d\000\040\000i\000n\000\040\000C\000o\000u\000r\000s\000e}{section.1}% 5
\BOOKMARK [1][-]{section.2}{\376\377\000L\000e\000c\000t\000u\000r\000e\000\040\0002}{}% 6
\BOOKMARK [2][-]{subsection.2.1}{\376\377\000N\000u\000m\000b\000e\000r\000\040\000T\000h\000e\000o\000r\000y}{section.2}% 7
\BOOKMARK [3][-]{subsubsection.2.1.1}{\376\377\000M\000o\000d\000u\000l\000a\000r\000\040\000A\000r\000i\000t\000h\000m\000e\000t\000i\000c}{subsection.2.1}% 8
\BOOKMARK [3][-]{subsubsection.2.1.2}{\376\377\000M\000o\000d\000u\000l\000a\000r\000\040\000E\000x\000p\000o\000n\000e\000n\000t\000i\000a\000t\000i\000o\000n}{subsection.2.1}% 9
\BOOKMARK [3][-]{subsubsection.2.1.3}{\376\377\000G\000r\000o\000u\000p\000s\000\040\000a\000n\000d\000\040\000R\000i\000n\000g\000s}{subsection.2.1}% 10
\BOOKMARK [3][-]{subsubsection.2.1.4}{\376\377\000P\000r\000i\000m\000e\000s\000\040\000a\000n\000d\000\040\000D\000i\000v\000i\000s\000i\000b\000i\000l\000i\000t\000y}{subsection.2.1}% 11
\BOOKMARK [3][-]{subsubsection.2.1.5}{\376\377\000L\000i\000n\000e\000a\000r\000\040\000C\000o\000n\000g\000r\000u\000e\000n\000c\000e\000s}{subsection.2.1}% 12
\BOOKMARK [3][-]{subsubsection.2.1.6}{\376\377\000F\000i\000e\000l\000d\000s}{subsection.2.1}% 13
\BOOKMARK [3][-]{subsubsection.2.1.7}{\376\377\000L\000a\000g\000r\000a\000n\000g\000e\000'\000s\000\040\000T\000h\000e\000o\000r\000e\000m}{subsection.2.1}% 14
\BOOKMARK [3][-]{subsubsection.2.1.8}{\376\377\000F\000e\000r\000m\000a\000t\000'\000s\000\040\000L\000i\000t\000t\000l\000e\000\040\000T\000h\000e\000o\000r\000e\000m}{subsection.2.1}% 15
\BOOKMARK [2][-]{subsection.2.2}{\376\377\000B\000a\000s\000i\000c\000\040\000A\000l\000g\000o\000r\000i\000t\000h\000m\000s}{section.2}% 16
\BOOKMARK [3][-]{subsubsection.2.2.1}{\376\377\000E\000u\000c\000l\000i\000d\000'\000s\000\040\000G\000C\000D\000\040\000A\000l\000g\000o\000r\000i\000t\000h\000m}{subsection.2.2}% 17
\BOOKMARK [3][-]{subsubsection.2.2.2}{\376\377\000T\000h\000e\000\040\000E\000x\000t\000e\000n\000d\000e\000d\000\040\000E\000u\000c\000l\000i\000d\000e\000a\000n\000\040\000A\000l\000g\000o\000r\000i\000t\000h\000m}{subsection.2.2}% 18
\BOOKMARK [3][-]{subsubsection.2.2.3}{\376\377\000T\000h\000e\000\040\000C\000h\000i\000n\000e\000s\000e\000\040\000R\000e\000m\000a\000i\000n\000d\000e\000r\000\040\000T\000h\000e\000o\000r\000e\000m}{subsection.2.2}% 19
\BOOKMARK [3][-]{subsubsection.2.2.4}{\376\377\000C\000o\000m\000p\000u\000t\000i\000n\000g\000\040\000L\000e\000g\000e\000n\000d\000r\000e\000\040\000a\000n\000d\000\040\000J\000a\000c\000o\000b\000i\000\040\000S\000y\000m\000b\000o\000l\000s}{subsection.2.2}% 20
\BOOKMARK [2][-]{subsection.2.3}{\376\377\000P\000r\000i\000m\000a\000l\000i\000t\000y\000\040\000T\000e\000s\000t\000s}{section.2}% 21
\BOOKMARK [3][-]{subsubsection.2.3.1}{\376\377\000F\000e\000r\000m\000a\000t\000'\000s\000\040\000P\000r\000i\000m\000a\000l\000i\000t\000y\000\040\000T\000e\000s\000t}{subsection.2.3}% 22
\BOOKMARK [3][-]{subsubsection.2.3.2}{\376\377\000M\000i\000l\000l\000e\000r\000-\000R\000a\000b\000i\000n\000\040\000P\000r\000i\000m\000a\000l\000i\000t\000y\000\040\000T\000e\000s\000t}{subsection.2.3}% 23
\BOOKMARK [2][-]{subsection.2.4}{\376\377\000E\000l\000l\000i\000p\000t\000i\000c\000\040\000C\000u\000r\000v\000e\000s}{section.2}% 24
\BOOKMARK [1][-]{section.3}{\376\377\000L\000e\000c\000t\000u\000r\000e\000\040\0003}{}% 25
\BOOKMARK [2][-]{subsection.3.1}{\376\377\000T\000h\000e\000\040\000S\000y\000n\000t\000a\000x\000\040\000o\000f\000\040\000E\000n\000c\000r\000y\000p\000t\000i\000o\000n}{section.3}% 26
\BOOKMARK [2][-]{subsection.3.2}{\376\377\000C\000l\000a\000s\000s\000i\000c\000a\000l\000\040\000C\000i\000p\000h\000e\000r\000s}{section.3}% 27
\BOOKMARK [3][-]{subsubsection.3.2.1}{\376\377\000C\000a\000e\000s\000a\000r\000\040\000C\000i\000p\000h\000e\000r}{subsection.3.2}% 28
\BOOKMARK [3][-]{subsubsection.3.2.2}{\376\377\000S\000h\000i\000f\000t\000\040\000C\000i\000p\000h\000e\000r}{subsection.3.2}% 29
\BOOKMARK [3][-]{subsubsection.3.2.3}{\376\377\000S\000t\000a\000t\000i\000s\000t\000i\000c\000a\000l\000\040\000D\000i\000s\000t\000a\000n\000c\000e}{subsection.3.2}% 30
\BOOKMARK [3][-]{subsubsection.3.2.4}{\376\377\000S\000u\000b\000s\000t\000i\000t\000u\000t\000i\000o\000n\000\040\000C\000i\000p\000h\000e\000r}{subsection.3.2}% 31
\BOOKMARK [3][-]{subsubsection.3.2.5}{\376\377\000V\000i\000g\000e\000n\000\350\000r\000e\000\040\000C\000i\000p\000h\000e\000r}{subsection.3.2}% 32
\BOOKMARK [3][-]{subsubsection.3.2.6}{\376\377\000P\000e\000r\000m\000u\000t\000a\000t\000i\000o\000n\000\040\000C\000i\000p\000h\000e\000r}{subsection.3.2}% 33
\BOOKMARK [1][-]{section.4}{\376\377\000L\000e\000c\000t\000u\000r\000e\000\040\0004}{}% 34
\BOOKMARK [2][-]{subsection.4.1}{\376\377\000I\000n\000f\000o\000r\000m\000a\000t\000i\000o\000n\000\040\000T\000h\000e\000o\000r\000y}{section.4}% 35
\BOOKMARK [2][-]{subsection.4.2}{\376\377\000S\000e\000c\000u\000r\000i\000t\000y\000\040\000D\000e\000f\000i\000n\000i\000t\000i\000o\000n\000s}{section.4}% 36
\BOOKMARK [2][-]{subsection.4.3}{\376\377\000P\000r\000o\000b\000a\000b\000i\000l\000i\000t\000y\000\040\000a\000n\000d\000\040\000C\000i\000p\000h\000e\000r\000s}{section.4}% 37
\BOOKMARK [2][-]{subsection.4.4}{\376\377\000P\000e\000r\000f\000e\000c\000t\000\040\000S\000e\000c\000r\000e\000c\000y}{section.4}% 38
\BOOKMARK [3][-]{subsubsection.4.4.1}{\376\377\000O\000n\000e\000-\000T\000i\000m\000e\000\040\000P\000a\000d}{subsection.4.4}% 39
\BOOKMARK [2][-]{subsection.4.5}{\376\377\000E\000n\000t\000r\000o\000p\000y}{section.4}% 40
\BOOKMARK [2][-]{subsection.4.6}{\376\377\000J\000o\000i\000n\000t\000\040\000E\000n\000t\000r\000o\000p\000y\000,\000\040\000C\000o\000n\000d\000i\000t\000i\000o\000n\000a\000l\000\040\000E\000n\000t\000r\000o\000p\000y\000\040\000a\000n\000d\000\040\000M\000u\000t\000u\000a\000l\000\040\000I\000n\000f\000o\000r\000m\000a\000t\000i\000o\000n}{section.4}% 41
\BOOKMARK [3][-]{subsubsection.4.6.1}{\376\377\000A\000p\000p\000l\000i\000c\000a\000t\000i\000o\000n\000\040\000t\000o\000\040\000C\000i\000p\000h\000e\000r\000s}{subsection.4.6}% 42
\BOOKMARK [2][-]{subsection.4.7}{\376\377\000S\000p\000u\000r\000i\000o\000u\000s\000\040\000K\000e\000y\000s\000\040\000a\000n\000d\000\040\000U\000n\000i\000c\000i\000t\000y\000\040\000D\000i\000s\000t\000a\000n\000c\000e}{section.4}% 43
\BOOKMARK [3][-]{subsubsection.4.7.1}{\376\377\000E\000n\000t\000r\000o\000p\000y\000\040\000o\000f\000\040\000a\000\040\000N\000a\000t\000u\000r\000a\000l\000\040\000L\000a\000n\000g\000u\000a\000g\000e}{subsection.4.7}% 44
\BOOKMARK [3][-]{subsubsection.4.7.2}{\376\377\000R\000e\000d\000u\000n\000d\000a\000n\000c\000y}{subsection.4.7}% 45
\BOOKMARK [3][-]{subsubsection.4.7.3}{\376\377\000U\000n\000i\000c\000i\000t\000y\000\040\000D\000i\000s\000t\000a\000n\000c\000e\000\040\000a\000n\000d\000\040\000C\000i\000p\000h\000e\000r\000s}{subsection.4.7}% 46
\BOOKMARK [1][-]{section.5}{\376\377\000L\000e\000c\000t\000u\000r\000e\000\040\0005}{}% 47
\BOOKMARK [2][-]{subsubsection.5.0.1}{\376\377\000W\000h\000a\000t\000\040\000d\000o\000e\000s\000\040\000i\000t\000\040\000m\000e\000a\000n\000\040\000t\000o\000\040\000b\000e\000\040\000s\000e\000c\000u\000r\000e\000?}{section.5}% 48
\BOOKMARK [2][-]{subsection.5.1}{\376\377\000S\000e\000c\000u\000r\000i\000t\000y\000\040\000G\000a\000m\000e\000s}{section.5}% 49
\BOOKMARK [3][-]{subsubsection.5.1.1}{\376\377\000T\000h\000e\000\040\000F\000A\000C\000T\000O\000R\000\040\000P\000r\000o\000b\000l\000e\000m}{subsection.5.1}% 50
\BOOKMARK [3][-]{subsubsection.5.1.2}{\376\377\000M\000e\000a\000s\000u\000r\000i\000n\000g\000\040\000t\000h\000e\000\040\000A\000d\000v\000e\000r\000s\000a\000r\000y\000'\000s\000\040\000A\000d\000v\000a\000n\000t\000a\000g\000e}{subsection.5.1}% 51
\BOOKMARK [2][-]{subsection.5.2}{\376\377\000P\000s\000e\000u\000d\000o\000-\000R\000a\000n\000d\000o\000m\000\040\000F\000u\000n\000c\000t\000i\000o\000n\000s}{section.5}% 52
\BOOKMARK [3][-]{subsubsection.5.2.1}{\376\377\000A\000d\000v\000e\000r\000s\000a\000r\000y\000'\000s\000\040\000A\000d\000v\000a\000n\000t\000a\000g\000e}{subsection.5.2}% 53
\BOOKMARK [3][-]{subsubsection.5.2.2}{\376\377\000W\000h\000y\000\040\000i\000s\000\040\000t\000h\000i\000s\000\040\000i\000m\000p\000o\000r\000t\000a\000n\000t\000?}{subsection.5.2}% 54
\BOOKMARK [2][-]{subsection.5.3}{\376\377\000T\000r\000a\000p\000d\000o\000o\000r\000\040\000F\000u\000n\000c\000t\000i\000o\000n\000s}{section.5}% 55
\BOOKMARK [2][-]{subsection.5.4}{\376\377\000P\000u\000b\000l\000i\000c\000\040\000K\000e\000y\000\040\000C\000r\000y\000p\000t\000o\000g\000r\000a\000p\000h\000y}{section.5}% 56
\BOOKMARK [2][-]{subsection.5.5}{\376\377\000B\000a\000s\000i\000c\000\040\000N\000o\000t\000i\000o\000n\000s\000\040\000o\000f\000\040\000S\000e\000c\000u\000r\000i\000t\000y}{section.5}% 57
\BOOKMARK [3][-]{subsubsection.5.5.1}{\376\377\000O\000W\000-\000P\000A\000S\000S\000\040\000a\000t\000t\000a\000c\000k}{subsection.5.5}% 58
\BOOKMARK [3][-]{subsubsection.5.5.2}{\376\377\000O\000W\000-\000C\000P\000A\000\040\000a\000t\000t\000a\000c\000k}{subsection.5.5}% 59
\BOOKMARK [3][-]{subsubsection.5.5.3}{\376\377\000O\000W\000-\000C\000C\000A\000\040\000a\000t\000t\000a\000c\000k}{subsection.5.5}% 60
\BOOKMARK [2][-]{subsection.5.6}{\376\377\000M\000o\000d\000e\000r\000n\000\040\000N\000o\000t\000i\000o\000n\000s\000\040\000o\000f\000\040\000S\000e\000c\000u\000r\000i\000t\000y}{section.5}% 61
\BOOKMARK [3][-]{subsubsection.5.6.1}{\376\377\000I\000N\000D\000\040\000S\000e\000c\000u\000r\000i\000t\000y\000\040\000G\000a\000m\000e\000s}{subsection.5.6}% 62
\BOOKMARK [2][-]{subsection.5.7}{\376\377\000O\000t\000h\000e\000r\000\040\000N\000o\000t\000i\000o\000n\000s\000\040\000o\000f\000\040\000S\000e\000c\000u\000r\000i\000t\000y}{section.5}% 63
\BOOKMARK [3][-]{subsubsection.5.7.1}{\376\377\000M\000a\000l\000l\000e\000a\000b\000i\000l\000i\000t\000y}{subsection.5.7}% 64
\BOOKMARK [2][-]{subsection.5.8}{\376\377\000R\000a\000n\000d\000o\000m\000\040\000O\000r\000a\000c\000l\000e\000\040\000M\000o\000d\000e\000l}{section.5}% 65
\BOOKMARK [1][-]{section.6}{\376\377\000L\000e\000c\000t\000u\000r\000e\000\040\0006}{}% 66
\BOOKMARK [2][-]{subsection.6.1}{\376\377\000S\000t\000r\000e\000a\000m\000\040\000C\000i\000p\000h\000e\000r\000s}{section.6}% 67
\BOOKMARK [2][-]{subsection.6.2}{\376\377\000L\000i\000n\000e\000a\000r\000\040\000F\000e\000e\000d\000b\000a\000c\000k\000\040\000S\000h\000i\000f\000t\000\040\000R\000e\000g\000i\000s\000t\000e\000r\000s\000\040\000\050\000L\000F\000S\000R\000s\000\051}{section.6}% 68
\BOOKMARK [3][-]{subsubsection.6.2.1}{\376\377\000P\000r\000o\000p\000e\000r\000t\000i\000e\000s\000\040\000o\000f\000\040\000L\000F\000S\000R\000s}{subsection.6.2}% 69
\BOOKMARK [3][-]{subsubsection.6.2.2}{\376\377\000F\000e\000e\000d\000b\000a\000c\000k\000\040\000F\000u\000n\000c\000t\000i\000o\000n\000s}{subsection.6.2}% 70
\BOOKMARK [3][-]{subsubsection.6.2.3}{\376\377\000Z\000e\000r\000o\000\040\000S\000t\000a\000t\000e\000\040\000i\000n\000\040\000F\000e\000e\000d\000b\000a\000c\000k\000\040\000F\000u\000n\000c\000t\000i\000o\000n\000s\000:}{subsection.6.2}% 71
\BOOKMARK [3][-]{subsubsection.6.2.4}{\376\377\000M\000a\000t\000h\000e\000m\000a\000t\000i\000c\000a\000l\000\040\000E\000x\000p\000r\000e\000s\000s\000i\000o\000n}{subsection.6.2}% 72
\BOOKMARK [3][-]{subsubsection.6.2.5}{\376\377\000P\000r\000i\000m\000i\000t\000i\000v\000e\000\040\000P\000o\000l\000y\000n\000o\000m\000i\000a\000l}{subsection.6.2}% 73
\BOOKMARK [2][-]{subsection.6.3}{\376\377\000P\000e\000r\000i\000o\000d}{section.6}% 74
\BOOKMARK [2][-]{subsection.6.4}{\376\377\000S\000e\000c\000u\000r\000i\000t\000y\000\040\000o\000f\000\040\000L\000F\000S\000R\000s}{section.6}% 75
\BOOKMARK [2][-]{subsection.6.5}{\376\377\000C\000o\000m\000b\000i\000n\000i\000n\000g\000\040\000L\000F\000S\000R\000s}{section.6}% 76
\BOOKMARK [3][-]{subsubsection.6.5.1}{\376\377\000N\000o\000n\000-\000l\000i\000n\000e\000a\000r\000\040\000C\000o\000m\000b\000i\000n\000e\000r\000s}{subsection.6.5}% 77
\BOOKMARK [1][-]{section.7}{\376\377\000L\000e\000c\000t\000u\000r\000e\000\040\0007}{}% 78
\BOOKMARK [2][-]{subsection.7.1}{\376\377\000B\000l\000o\000c\000k\000\040\000C\000i\000p\000h\000e\000r\000s}{section.7}% 79
\BOOKMARK [3][-]{subsubsection.7.1.1}{\376\377\000P\000r\000o\000p\000e\000r\000t\000i\000e\000s\000\040\000o\000f\000\040\000B\000l\000o\000c\000k\000\040\000C\000i\000p\000h\000e\000r\000s}{subsection.7.1}% 80
\BOOKMARK [3][-]{subsubsection.7.1.2}{\376\377\000D\000e\000s\000i\000g\000n}{subsection.7.1}% 81
\BOOKMARK [3][-]{subsubsection.7.1.3}{\376\377\000T\000h\000e\000\040\000A\000v\000a\000l\000a\000n\000c\000h\000e\000\040\000E\000f\000f\000e\000c\000t}{subsection.7.1}% 82
\BOOKMARK [2][-]{subsection.7.2}{\376\377\000F\000e\000i\000s\000t\000e\000l\000\040\000C\000i\000p\000h\000e\000r\000s}{section.7}% 83
\BOOKMARK [3][-]{subsubsection.7.2.1}{\376\377\000E\000n\000c\000r\000y\000p\000t\000i\000o\000n}{subsection.7.2}% 84
\BOOKMARK [3][-]{subsubsection.7.2.2}{\376\377\000D\000e\000c\000r\000y\000p\000t\000i\000o\000n}{subsection.7.2}% 85
\BOOKMARK [2][-]{subsection.7.3}{\376\377\000D\000a\000t\000a\000\040\000E\000n\000c\000r\000y\000p\000t\000i\000o\000n\000\040\000S\000t\000a\000n\000d\000a\000r\000d\000\040\000\050\000D\000E\000S\000\051}{section.7}% 86
\BOOKMARK [3][-]{subsubsection.7.3.1}{\376\377\000F\000u\000n\000c\000t\000i\000o\000n\000\040\000F}{subsection.7.3}% 87
\BOOKMARK [3][-]{subsubsection.7.3.2}{\376\377\000S\000-\000b\000o\000x\000e\000s}{subsection.7.3}% 88
\BOOKMARK [3][-]{subsubsection.7.3.3}{\376\377\000P\000-\000b\000o\000x}{subsection.7.3}% 89
\BOOKMARK [3][-]{subsubsection.7.3.4}{\376\377\000K\000e\000y\000\040\000S\000c\000h\000e\000d\000u\000l\000i\000n\000g}{subsection.7.3}% 90
\BOOKMARK [3][-]{subsubsection.7.3.5}{\376\377\000S\000e\000c\000u\000r\000i\000t\000y\000\040\000o\000f\000\040\000D\000E\000S}{subsection.7.3}% 91
\BOOKMARK [2][-]{subsection.7.4}{\376\377\000A\000d\000v\000a\000n\000c\000e\000d\000\040\000E\000n\000c\000r\000y\000p\000t\000i\000o\000n\000\040\000S\000t\000a\000n\000d\000a\000r\000d\000\040\000\050\000A\000E\000S\000\051}{section.7}% 92
\BOOKMARK [2][-]{subsection.7.5}{\376\377\000M\000o\000d\000e\000s\000\040\000o\000f\000\040\000O\000p\000e\000r\000a\000t\000i\000o\000n}{section.7}% 93
